<?xml version="1.0" encoding="UTF-8"?>
<!-- Generated by org.testng.reporters.JUnitXMLReporter -->
<testsuite ignored="0" hostname="DESKTOP-653N01I" failures="0" tests="5" name="Surefire test" time="32.108" errors="0" timestamp="2021-10-04T13:15:03 IST">
  <testcase classname="tests.LoginTest" name="loginWithInvalidEmailAddressAndValidPassword" time="1.636"/>
  <testcase classname="tests.LoginTest" name="loginWithValidCredentails" time="1.644"/>
  <testcase classname="tests.LoginTest" name="loginWithValidEmailAddressAndInvalidValidPassword" time="1.512"/>
  <testcase classname="tests.RegisterTest" name="registerNewAccountByProvidingAllDetails" time="2.661"/>
  <testcase classname="tests.RegisterTest" name="registerNewAccountByProvidingMandatoryDetails" time="2.609"/>
</testsuite> <!-- Surefire test -->
