<?xml version="1.0" encoding="UTF-8"?>
<!-- Generated by org.testng.reporters.JUnitXMLReporter -->
<testsuite ignored="0" hostname="DESKTOP-653N01I" failures="1" tests="5" name="Test" time="38.639" errors="0" timestamp="2021-10-04T13:58:54 IST">
  <testcase classname="tests.RegisterTest" name="registerNewAccountByProvidingAllDetails" time="3.192">
    <failure type="java.lang.AssertionError" message="expected [ABC Your Account Has Been Created!] but found [Your Account Has Been Created!]">
      <![CDATA[java.lang.AssertionError: expected [ABC Your Account Has Been Created!] but found [Your Account Has Been Created!]
at tests.RegisterTest.registerNewAccountByProvidingAllDetails(RegisterTest.java:40)
at java.base/java.util.ArrayList.forEach(ArrayList.java:1541)
... Removed 33 stack frames]]>
    </failure>
  </testcase> <!-- registerNewAccountByProvidingAllDetails -->
  <testcase classname="tests.RegisterTest" name="registerNewAccountByProvidingMandatoryDetails" time="2.952"/>
  <testcase classname="tests.LoginTest" name="loginWithValidCredentails" time="1.468"/>
  <testcase classname="tests.LoginTest" name="loginWithInvalidEmailAddressAndValidPassword" time="1.724"/>
  <testcase classname="tests.LoginTest" name="loginWithValidEmailAddressAndInvalidValidPassword" time="1.658"/>
</testsuite> <!-- Test -->
