<?xml version="1.0" encoding="UTF-8"?>
<!-- Generated by org.testng.reporters.JUnitXMLReporter -->
<testsuite ignored="0" hostname="DESKTOP-653N01I" failures="0" tests="5" name="Test" time="37.409" errors="0" timestamp="2021-10-04T13:17:22 IST">
  <testcase classname="tests.RegisterTest" name="registerNewAccountByProvidingAllDetails" time="2.754"/>
  <testcase classname="tests.RegisterTest" name="registerNewAccountByProvidingMandatoryDetails" time="2.23"/>
  <testcase classname="tests.LoginTest" name="loginWithValidCredentails" time="1.576"/>
  <testcase classname="tests.LoginTest" name="loginWithInvalidEmailAddressAndValidPassword" time="1.55"/>
  <testcase classname="tests.LoginTest" name="loginWithValidEmailAddressAndInvalidValidPassword" time="1.511"/>
</testsuite> <!-- Test -->
