<?xml version="1.0" encoding="UTF-8"?>
<testng-results ignored="0" total="5" passed="5" failed="0" skipped="0">
  <reporter-output>
  </reporter-output>
  <suite started-at="2021-10-04T13:16:45 IST" name="Suite" finished-at="2021-10-04T13:17:22 IST" duration-ms="37409">
    <groups>
    </groups>
    <test started-at="2021-10-04T13:16:45 IST" name="Test" finished-at="2021-10-04T13:17:22 IST" duration-ms="37409">
      <class name="tests.LoginTest">
        <test-method is-config="true" signature="setup()[pri:0, instance:tests.LoginTest@27ff5d15]" started-at="2021-10-04T13:17:06 IST" name="setup" finished-at="2021-10-04T13:17:09 IST" duration-ms="3096" status="PASS">
          <reporter-output>
          </reporter-output>
        </test-method> <!-- setup -->
        <test-method signature="loginWithValidCredentails()[pri:1, instance:tests.LoginTest@27ff5d15]" started-at="2021-10-04T13:17:09 IST" name="loginWithValidCredentails" finished-at="2021-10-04T13:17:10 IST" duration-ms="1576" status="PASS">
          <reporter-output>
          </reporter-output>
        </test-method> <!-- loginWithValidCredentails -->
        <test-method is-config="true" signature="tearDown()[pri:0, instance:tests.LoginTest@27ff5d15]" started-at="2021-10-04T13:17:10 IST" name="tearDown" finished-at="2021-10-04T13:17:11 IST" duration-ms="918" status="PASS">
          <reporter-output>
          </reporter-output>
        </test-method> <!-- tearDown -->
        <test-method is-config="true" signature="setup()[pri:0, instance:tests.LoginTest@27ff5d15]" started-at="2021-10-04T13:17:11 IST" name="setup" finished-at="2021-10-04T13:17:14 IST" duration-ms="3043" status="PASS">
          <reporter-output>
          </reporter-output>
        </test-method> <!-- setup -->
        <test-method signature="loginWithInvalidEmailAddressAndValidPassword()[pri:2, instance:tests.LoginTest@27ff5d15]" started-at="2021-10-04T13:17:14 IST" name="loginWithInvalidEmailAddressAndValidPassword" finished-at="2021-10-04T13:17:16 IST" duration-ms="1550" status="PASS">
          <reporter-output>
          </reporter-output>
        </test-method> <!-- loginWithInvalidEmailAddressAndValidPassword -->
        <test-method is-config="true" signature="tearDown()[pri:0, instance:tests.LoginTest@27ff5d15]" started-at="2021-10-04T13:17:16 IST" name="tearDown" finished-at="2021-10-04T13:17:17 IST" duration-ms="1037" status="PASS">
          <reporter-output>
          </reporter-output>
        </test-method> <!-- tearDown -->
        <test-method is-config="true" signature="setup()[pri:0, instance:tests.LoginTest@27ff5d15]" started-at="2021-10-04T13:17:17 IST" name="setup" finished-at="2021-10-04T13:17:20 IST" duration-ms="2949" status="PASS">
          <reporter-output>
          </reporter-output>
        </test-method> <!-- setup -->
        <test-method signature="loginWithValidEmailAddressAndInvalidValidPassword()[pri:3, instance:tests.LoginTest@27ff5d15]" started-at="2021-10-04T13:17:20 IST" name="loginWithValidEmailAddressAndInvalidValidPassword" finished-at="2021-10-04T13:17:21 IST" duration-ms="1511" status="PASS">
          <reporter-output>
          </reporter-output>
        </test-method> <!-- loginWithValidEmailAddressAndInvalidValidPassword -->
        <test-method is-config="true" signature="tearDown()[pri:0, instance:tests.LoginTest@27ff5d15]" started-at="2021-10-04T13:17:21 IST" name="tearDown" finished-at="2021-10-04T13:17:22 IST" duration-ms="911" status="PASS">
          <reporter-output>
          </reporter-output>
        </test-method> <!-- tearDown -->
      </class> <!-- tests.LoginTest -->
      <class name="tests.RegisterTest">
        <test-method is-config="true" signature="setup()[pri:0, instance:tests.RegisterTest@366647c2]" started-at="2021-10-04T13:16:45 IST" name="setup" finished-at="2021-10-04T13:16:49 IST" duration-ms="4539" status="PASS">
          <reporter-output>
          </reporter-output>
        </test-method> <!-- setup -->
        <test-method signature="registerNewAccountByProvidingAllDetails()[pri:1, instance:tests.RegisterTest@366647c2]" started-at="2021-10-04T13:16:49 IST" name="registerNewAccountByProvidingAllDetails" finished-at="2021-10-04T13:16:52 IST" duration-ms="2754" status="PASS">
          <reporter-output>
          </reporter-output>
        </test-method> <!-- registerNewAccountByProvidingAllDetails -->
        <test-method is-config="true" signature="tearDown()[pri:0, instance:tests.RegisterTest@366647c2]" started-at="2021-10-04T13:16:52 IST" name="tearDown" finished-at="2021-10-04T13:16:53 IST" duration-ms="995" status="PASS">
          <reporter-output>
          </reporter-output>
        </test-method> <!-- tearDown -->
        <test-method is-config="true" signature="setup()[pri:0, instance:tests.RegisterTest@366647c2]" started-at="2021-10-04T13:16:53 IST" name="setup" finished-at="2021-10-04T13:17:02 IST" duration-ms="9337" status="PASS">
          <reporter-output>
          </reporter-output>
        </test-method> <!-- setup -->
        <test-method signature="registerNewAccountByProvidingMandatoryDetails()[pri:2, instance:tests.RegisterTest@366647c2]" started-at="2021-10-04T13:17:02 IST" name="registerNewAccountByProvidingMandatoryDetails" finished-at="2021-10-04T13:17:05 IST" duration-ms="2230" status="PASS">
          <reporter-output>
          </reporter-output>
        </test-method> <!-- registerNewAccountByProvidingMandatoryDetails -->
        <test-method is-config="true" signature="tearDown()[pri:0, instance:tests.RegisterTest@366647c2]" started-at="2021-10-04T13:17:05 IST" name="tearDown" finished-at="2021-10-04T13:17:06 IST" duration-ms="897" status="PASS">
          <reporter-output>
          </reporter-output>
        </test-method> <!-- tearDown -->
      </class> <!-- tests.RegisterTest -->
    </test> <!-- Test -->
  </suite> <!-- Suite -->
</testng-results>
